<?xml version="1.0" encoding="UTF-8"?>
<!-- Generated by org.testng.reporters.JUnitXMLReporter -->
<testsuite ignored="0" hostname="DESKTOP-K46N7GD" failures="1" tests="4" name="Regression-2" time="192.452" errors="0" timestamp="2026-03-20T07:39:26 IST">
  <testcase classname="com.endtoendtesting.test.AddtoCartTest" name="verifyProductAddedtoCartSuccessfully" time="18.181">
    <skipped/>
  </testcase> <!-- verifyProductAddedtoCartSuccessfully -->
  <testcase classname="com.endtoendtesting.test.AddtoCartTest" name="verifyProductAddedtoCartSuccessfully" time="18.568">
    <skipped/>
  </testcase> <!-- verifyProductAddedtoCartSuccessfully -->
  <testcase classname="com.endtoendtesting.test.AddtoCartTest" name="verifyProductAddedtoCartSuccessfully" time="20.149">
    <skipped/>
  </testcase> <!-- verifyProductAddedtoCartSuccessfully -->
  <testcase classname="com.endtoendtesting.test.AddtoCartTest" name="verifyProductAddedtoCartSuccessfully" time="18.795">
    <failure type="org.openqa.selenium.TimeoutException" message="Expected condition failed: waiting for element found by By.xpath: //button[contains(@routerlink,&amp;quot;cart&amp;quot;)] to be clickable, but the element was not visible.
(tried for 15 seconds with 500 milliseconds interval)
Build info: version: &amp;apos;4.41.0&amp;apos;, revision: &amp;apos;9fc754f&amp;apos;
System info: os.name: &amp;apos;Windows 11&amp;apos;, os.arch: &amp;apos;amd64&amp;apos;, os.version: &amp;apos;10.0&amp;apos;, java.version: &amp;apos;21.0.8&amp;apos;
Driver info: org.openqa.selenium.firefox.FirefoxDriver
Capabilities {acceptInsecureCerts: true, appActivity: com.google.android.apps.chr..., appPackage: com.android.chrome, browserName: chrome, chromedriverArgs: [--adb-port=5038], chromedriverPort: 18080, databaseEnabled: false, desired: {acceptInsecureCerts: true, browserName: chrome, chromedriverArgs: [--adb-port=5038], chromedriverPort: 18080, deviceName: android, goog:chromeOptions: {args: [--ignore-certificate-errors, --proxy-bypass-list=&amp;lt;-loopb..., test-type, --proxy-server=http://185.2..., --disable-features=Translate]}, moz:firefoxOptions: {binary: C:\Program Files\Mozilla Fi..., prefs: {remote.active-protocols: 1}}, newCommandTimeout: 0, platformName: Android, skipServerInstallation: true, systemPort: 8200, udid: RZCW40L6S7T}, deviceApiLevel: 33, deviceManufacturer: samsung, deviceModel: SM-S911B, deviceName: RZCW40L6S7T, deviceScreenDensity: 480, deviceScreenSize: 1080x2340, deviceUDID: RZCW40L6S7T, goog:chromeOptions: {args: [--ignore-certificate-errors, --proxy-bypass-list=&amp;lt;-loopb..., test-type, --proxy-server=http://185.2..., --disable-features=Translate]}, javascriptEnabled: true, locationContextEnabled: false, moz:firefoxOptions: {binary: C:\Program Files\Mozilla Fi..., prefs: {remote.active-protocols: 1}}, networkConnectionEnabled: true, newCommandTimeout: 0, optimalHubUrl: hub-aps.browserstack.com, pixelRatio: 3, platform: LINUX, platformName: ANDROID, platformVersion: 13, skipServerInstallation: true, statBarHeight: 81, systemPort: 8200, takesScreenshot: true, udid: RZCW40L6S7T, viewportRect: {height: 2034, left: 0, top: 81, width: 1080}, warnings: {}, webStorageEnabled: false}
Session ID: 58bccb1c523f2b9bd11583e343429ee356fdd0db">
      <![CDATA[org.openqa.selenium.TimeoutException: Expected condition failed: waiting for element found by By.xpath: //button[contains(@routerlink,"cart")] to be clickable, but the element was not visible.
(tried for 15 seconds with 500 milliseconds interval)
Build info: version: '4.41.0', revision: '9fc754f'
System info: os.name: 'Windows 11', os.arch: 'amd64', os.version: '10.0', java.version: '21.0.8'
Driver info: org.openqa.selenium.firefox.FirefoxDriver
Capabilities {acceptInsecureCerts: true, appActivity: com.google.android.apps.chr..., appPackage: com.android.chrome, browserName: chrome, chromedriverArgs: [--adb-port=5038], chromedriverPort: 18080, databaseEnabled: false, desired: {acceptInsecureCerts: true, browserName: chrome, chromedriverArgs: [--adb-port=5038], chromedriverPort: 18080, deviceName: android, goog:chromeOptions: {args: [--ignore-certificate-errors, --proxy-bypass-list=<-loopb..., test-type, --proxy-server=http://185.2..., --disable-features=Translate]}, moz:firefoxOptions: {binary: C:\Program Files\Mozilla Fi..., prefs: {remote.active-protocols: 1}}, newCommandTimeout: 0, platformName: Android, skipServerInstallation: true, systemPort: 8200, udid: RZCW40L6S7T}, deviceApiLevel: 33, deviceManufacturer: samsung, deviceModel: SM-S911B, deviceName: RZCW40L6S7T, deviceScreenDensity: 480, deviceScreenSize: 1080x2340, deviceUDID: RZCW40L6S7T, goog:chromeOptions: {args: [--ignore-certificate-errors, --proxy-bypass-list=<-loopb..., test-type, --proxy-server=http://185.2..., --disable-features=Translate]}, javascriptEnabled: true, locationContextEnabled: false, moz:firefoxOptions: {binary: C:\Program Files\Mozilla Fi..., prefs: {remote.active-protocols: 1}}, networkConnectionEnabled: true, newCommandTimeout: 0, optimalHubUrl: hub-aps.browserstack.com, pixelRatio: 3, platform: LINUX, platformName: ANDROID, platformVersion: 13, skipServerInstallation: true, statBarHeight: 81, systemPort: 8200, takesScreenshot: true, udid: RZCW40L6S7T, viewportRect: {height: 2034, left: 0, top: 81, width: 1080}, warnings: {}, webStorageEnabled: false}
Session ID: 58bccb1c523f2b9bd11583e343429ee356fdd0db
at org.openqa.selenium.support.ui.WebDriverWait.timeoutException(WebDriverWait.java:85)
at org.openqa.selenium.support.ui.FluentWait.until(FluentWait.java:233)
at com.endtoendtesting.utility.BrowserUtility.waitAndClick(BrowserUtility.java:143)
at com.endtoendtesting.pages.DashboardPage.doAddtoCart(DashboardPage.java:30)
at com.endtoendtesting.test.AddtoCartTest.verifyProductAddedtoCartSuccessfully(AddtoCartTest.java:19)
at java.base/java.util.ArrayList.forEach(ArrayList.java:1596)
at java.base/java.util.concurrent.FutureTask.run(FutureTask.java:317)
at java.base/java.util.concurrent.ThreadPoolExecutor.runWorker(ThreadPoolExecutor.java:1144)
at java.base/java.util.concurrent.ThreadPoolExecutor$Worker.run(ThreadPoolExecutor.java:642)
at java.base/java.lang.Thread.run(Thread.java:1583)
... Removed 15 stack frames]]>
    </failure>
  </testcase> <!-- verifyProductAddedtoCartSuccessfully -->
</testsuite> <!-- Regression-2 -->
