<?xml version="1.0" encoding="UTF-8"?>
<testng-results ignored="0" total="1" passed="1" failed="0" skipped="0">
  <reporter-output>
  </reporter-output>
  <suite started-at="2026-03-23T18:36:01 IST" name="Default suite" finished-at="2026-03-23T18:36:08 IST" duration-ms="7527">
    <groups>
      <group name="regression">
        <method signature="AddtoCartTest.verifyProductAddedtoCartSuccessfully(com.endtoendtesting.pojo.AddProductPojo)[pri:0, instance:com.endtoendtesting.test.AddtoCartTest@5a411614]" name="verifyProductAddedtoCartSuccessfully" class="com.endtoendtesting.test.AddtoCartTest"/>
      </group> <!-- regression -->
      <group name="sanity">
        <method signature="AddtoCartTest.verifyProductAddedtoCartSuccessfully(com.endtoendtesting.pojo.AddProductPojo)[pri:0, instance:com.endtoendtesting.test.AddtoCartTest@5a411614]" name="verifyProductAddedtoCartSuccessfully" class="com.endtoendtesting.test.AddtoCartTest"/>
      </group> <!-- sanity -->
      <group name="e2e">
        <method signature="AddtoCartTest.verifyProductAddedtoCartSuccessfully(com.endtoendtesting.pojo.AddProductPojo)[pri:0, instance:com.endtoendtesting.test.AddtoCartTest@5a411614]" name="verifyProductAddedtoCartSuccessfully" class="com.endtoendtesting.test.AddtoCartTest"/>
      </group> <!-- e2e -->
    </groups>
    <test started-at="2026-03-23T18:36:01 IST" name="Default test" finished-at="2026-03-23T18:36:08 IST" duration-ms="7527">
      <class name="com.endtoendtesting.test.AddtoCartTest">
        <test-method is-config="true" signature="setup(java.lang.String,boolean,boolean,org.testng.ITestResult)[pri:0, instance:com.endtoendtesting.test.AddtoCartTest@5a411614]" started-at="2026-03-23T18:36:02 IST" name="setup" finished-at="2026-03-23T18:36:06 IST" duration-ms="4322" status="PASS">
          <params>
            <param index="0">
              <value>
                <![CDATA[CHROME]]>
              </value>
            </param>
            <param index="1">
              <value>
                <![CDATA[false]]>
              </value>
            </param>
            <param index="2">
              <value>
                <![CDATA[false]]>
              </value>
            </param>
            <param index="3">
              <value>
                <![CDATA[[TestResult name={null} status=CREATED method=AddtoCartTest.verifyProductAddedtoCartSuccessfully(com.endtoendtesting.pojo.AddProductPojo)[pri:0, instance:com.endtoendtesting.test.AddtoCartTest@5a411614] output={null}]]]>
              </value>
            </param>
          </params>
          <reporter-output>
          </reporter-output>
        </test-method> <!-- setup -->
        <test-method signature="verifyProductAddedtoCartSuccessfully(com.endtoendtesting.pojo.AddProductPojo)[pri:0, instance:com.endtoendtesting.test.AddtoCartTest@5a411614]" started-at="2026-03-23T18:36:06 IST" name="verifyProductAddedtoCartSuccessfully" description="This is to check when user selects a product and add to cart it is displayed in page" data-provider="AddProductToCartDataProvider" finished-at="2026-03-23T18:36:08 IST" duration-ms="1509" status="PASS">
          <params>
            <param index="0">
              <value>
                <![CDATA[AddProductPojo [username=snehamary575@gmail.com, password=Password@12, product=ZARA COAT 3]]]>
              </value>
            </param>
          </params>
          <reporter-output>
          </reporter-output>
        </test-method> <!-- verifyProductAddedtoCartSuccessfully -->
        <test-method is-config="true" signature="teardown()[pri:0, instance:com.endtoendtesting.test.AddtoCartTest@5a411614]" started-at="2026-03-23T18:36:08 IST" name="teardown" finished-at="2026-03-23T18:36:08 IST" duration-ms="292" status="PASS">
          <reporter-output>
          </reporter-output>
        </test-method> <!-- teardown -->
      </class> <!-- com.endtoendtesting.test.AddtoCartTest -->
    </test> <!-- Default test -->
  </suite> <!-- Default suite -->
</testng-results>
